
[1;36m[1m━━━ Vérification environnement ━━━[0m
Mise à jour et chargement des dépôts :
Dépôts chargés.
Le paquet "curl-8.15.0-5.fc43.x86_64" est déjà installé.
Le paquet "git-2.53.0-1.fc43.x86_64" est déjà installé.
Le paquet "stow-2.4.1-3.fc43.noarch" est déjà installé.
Le paquet "pciutils-3.14.0-2.fc43.x86_64" est déjà installé.
Le paquet "dnf-plugins-core-4.10.1-6.fc43.noarch" est déjà installé.
Le paquet "binutils-2.45.1-4.fc43.x86_64" est déjà installé.

Aucune tâche à effectuer.
 [1;32m✓[0m Dépendances initiales (curl, git, stow, pciutils, binutils, dnf-plugins-core)
 [1;32m✓[0m Environnement valide — Fedora release 43 (Forty Three)
Mise à jour et chargement des dépôts :
 Terra 43                               100% | 428.0   B/s |   1.6 KiB |  00m04s
 RPM Fusion for Fedora 43 - Nonfree     100% |   2.5 KiB/s |   9.0 KiB |  00m04s
 RPM Fusion for Fedora 43 - Nonfree - U 100% |   1.3 KiB/s |   4.5 KiB |  00m03s
 RPM Fusion for Fedora 43 - Nonfree tai 100% |   2.5 KiB/s |   8.3 KiB |  00m03s
 RPM Fusion for Fedora 43 - Free - Upda 100% |   1.6 KiB/s |   5.1 KiB |  00m03s
 RPM Fusion for Fedora 43 - Free        100% |   3.0 KiB/s |   8.9 KiB |  00m03s
 Fedora 43 - x86_64                     100% |   7.7 KiB/s |  21.8 KiB |  00m03s
 Brave Browser                          100% |   1.6 KiB/s |   2.0 KiB |  00m01s
 Copr repo for profile-sync-daemon owne 100% |   1.2 KiB/s |   1.5 KiB |  00m01s
 RPM Fusion for Fedora 43 - Free tainte 100% |   3.5 KiB/s |   8.2 KiB |  00m02s
 Fedora 43 openh264 (From Cisco) - x86_ 100% | 489.0   B/s | 986.0   B |  00m02s
 Fedora 43 - x86_64 - Updates           100% |   9.2 KiB/s |  15.6 KiB |  00m02s
Dépôts chargés.
Aucune tâche à effectuer.
 [1;32m✓[0m Mise à jour du système

[1;36m[1m━━━ Suppression paquets indésirables ━━━[0m
 [1;32m✓[0m zram-generator-defaults absent — ignoré.
 [1;32m✓[0m PackageKit-glib absent — ignoré.
 [1;32m✓[0m PackageKit absent — ignoré.
 [1;32m✓[0m google-noto-sans-mono-cjk-vf-fonts absent — ignoré.
 [1;32m✓[0m akonadi-server absent — ignoré.
 [1;32m✓[0m kdeconnectd absent — ignoré.
 [1;32m✓[0m libreswan absent — ignoré.
 [1;32m✓[0m plasma-drkonqi absent — ignoré.
 [1;32m✓[0m ibus absent — ignoré.
 [1;32m✓[0m imsettings absent — ignoré.
 [1;32m✓[0m imsettings-libs absent — ignoré.
 [1;32m✓[0m maliit-keyboard absent — ignoré.
 [1;32m✓[0m abrt absent — ignoré.
 [1;32m✓[0m plasma-discover absent — ignoré.
 [1;32m✓[0m systemd-networkd absent — ignoré.

[1;36m[1m━━━ Dépôts ━━━[0m
 [1;32m✓[0m RPM Fusion free déjà présent.
 [1;32m✓[0m RPM Fusion nonfree déjà présent.
 [1;32m✓[0m Terra déjà présent.
 [1;32m✓[0m COPR profile-sync-daemon déjà présent.
 [1;32m✓[0m Brave Browser Repo est déjà présent.
Mise à jour et chargement des dépôts :
Dépôts chargés.
Metadata cache created.
 [1;32m✓[0m Rafraîchissement des métadonnées

[1;36m[1m━━━ Paquets DNF ━━━[0m
 [1;32m✓[0m zsh est déjà installé — ignoré.
 [1;32m✓[0m fastfetch est déjà installé — ignoré.
 [1;32m✓[0m util-linux-script est déjà installé — ignoré.
 [1;32m✓[0m sudo-rs est déjà installé — ignoré.
 [1;32m✓[0m foot est déjà installé — ignoré.
 [1;32m✓[0m ghostty est déjà installé — ignoré.
 [1;32m✓[0m kitty est déjà installé — ignoré.
 [1;32m✓[0m eza est déjà installé — ignoré.
 [1;32m✓[0m fzf est déjà installé — ignoré.
 [1;32m✓[0m neovim est déjà installé — ignoré.
 [1;32m✓[0m bat est déjà installé — ignoré.
 [1;32m✓[0m bat-extras est déjà installé — ignoré.
 [1;32m✓[0m grc est déjà installé — ignoré.
 [1;32m✓[0m axel est déjà installé — ignoré.
 [1;32m✓[0m rclone est déjà installé — ignoré.
 [1;32m✓[0m procs est déjà installé — ignoré.
 [1;32m✓[0m wl-clipboard est déjà installé — ignoré.
 [1;32m✓[0m glow est déjà installé — ignoré.
 [1;32m✓[0m expect est déjà installé — ignoré.
 [1;32m✓[0m sqlite est déjà installé — ignoré.
 [1;32m✓[0m btop est déjà installé — ignoré.
 [1;32m✓[0m atop est déjà installé — ignoré.
 [1;32m✓[0m glances est déjà installé — ignoré.
 [1;32m✓[0m nvtop est déjà installé — ignoré.
 [1;32m✓[0m gping est déjà installé — ignoré.
 [1;32m✓[0m iftop est déjà installé — ignoré.
 [1;32m✓[0m gdu est déjà installé — ignoré.
 [1;32m✓[0m duf est déjà installé — ignoré.
 [1;32m✓[0m speedtest-cli est déjà installé — ignoré.
 [1;32m✓[0m kate est déjà installé — ignoré.
 [1;32m✓[0m shfmt est déjà installé — ignoré.
 [1;32m✓[0m ShellCheck est déjà installé — ignoré.
 [1;32m✓[0m inxi est déjà installé — ignoré.
 [1;32m✓[0m nodejs-bash-language-server est déjà installé — ignoré.
 [1;32m✓[0m golang est déjà installé — ignoré.
 [1;32m✓[0m make est déjà installé — ignoré.
 [1;32m✓[0m mpv est déjà installé — ignoré.
 [1;32m✓[0m vlc est déjà installé — ignoré.
 [1;32m✓[0m libdvdcss est déjà installé — ignoré.
 [1;32m✓[0m foliate est déjà installé — ignoré.
 [1;32m✓[0m imv est déjà installé — ignoré.
 [1;32m✓[0m plasma-login-manager est déjà installé — ignoré.
 [1;32m✓[0m nm-connection-editor est déjà installé — ignoré.
 [1;32m✓[0m thunderbird est déjà installé — ignoré.
 [1;32m✓[0m vesktop est déjà installé — ignoré.
 [1;32m✓[0m telegram-desktop est déjà installé — ignoré.
 [1;32m✓[0m qbittorrent est déjà installé — ignoré.
 [1;32m✓[0m brave-browser est déjà installé — ignoré.
 [1;32m✓[0m helium-browser-bin est déjà installé — ignoré.
 [1;32m✓[0m qemu est déjà installé — ignoré.
 [1;32m✓[0m virt-manager est déjà installé — ignoré.
 [1;32m✓[0m virt-viewer est déjà installé — ignoré.
 [1;32m✓[0m gum est déjà installé — ignoré.
 [1;32m✓[0m stress-ng est déjà installé — ignoré.
 [1;32m✓[0m libreoffice-langpack-fr est déjà installé — ignoré.
 [1;32m✓[0m nss-tools est déjà installé — ignoré.
 [1;32m✓[0m ldns-utils est déjà installé — ignoré.
 [1;32m✓[0m profile-sync-daemon est déjà installé — ignoré.
 [1;32m✓[0m htop est déjà installé — ignoré.
 [1;32m✓[0m micro est déjà installé — ignoré.
 [1;33m→[0m Tous les paquets DNF sont déjà installés.

[1;36m[1m━━━ Nerd Fonts ━━━[0m
 [1;32m✓[0m jetbrainsmono-nerd-fonts déjà présente.
 [1;32m✓[0m iosevka-nerd-fonts déjà présente.

[1;36m[1m━━━ Codecs multimédia ━━━[0m
 [1;32m✓[0m ffmpeg (RPM Fusion) déjà présent.
 [1;33m→[0m GPU détecté : 00:01.0 vga compatible controller: red hat, inc. virtio 1.0 gpu (rev 01)
 [1;33m→[0m GPU non AMD/Intel — Mesa swap ignoré.

[1;36m[1m━━━ Rustup ━━━[0m
info: syncing channel updates for stable-x86_64-unknown-linux-gnu

  stable-x86_64-unknown-linux-gnu unchanged - rustc 1.94.1 (e408947bf 2026-03-25)

info: checking for self-update (current version: 1.29.0)
 [1;32m✓[0m Mise à jour rustup stable

[1;36m[1m━━━ Paquets Cargo ━━━[0m
 [1;32m✓[0m cargo bin-install déjà installé.
 INFO resolve: Resolving package: 'yazi-build'
 INFO resolve: yazi-build v26.1.22 is already installed, use --force to override
 INFO Done in 405.257423ms
 [1;32m✓[0m Installation yazi-build
 [1;31m✗[0m Binaire introuvable : /home/olivier/.local/share/cargo/bin/yazi
 [1;31m✗[0m Binaire introuvable : /home/olivier/.local/share/cargo/bin/ya
 [1;32m✓[0m zoxide déjà installé.
 [1;32m✓[0m Lien symbolique zoxide déjà présent.
 [1;32m✓[0m bandwhich déjà installé.
 [1;32m✓[0m Lien symbolique bandwhich déjà présent.
 [1;32m✓[0m fd-find déjà installé.
 [1;32m✓[0m Lien symbolique fd déjà présent.
 [1;32m✓[0m cargo-update déjà installé.
 [1;32m✓[0m Lien symbolique cargo-install-update déjà présent.
 [1;32m✓[0m Lien symbolique cargo-install-update-config déjà présent.
 [1;32m✓[0m sd déjà installé.
 [1;32m✓[0m Lien symbolique sd déjà présent.
 [1;32m✓[0m hyperfine déjà installé.
 [1;32m✓[0m Lien symbolique hyperfine déjà présent.
 [1;32m✓[0m resvg déjà installé.
 [1;32m✓[0m Lien symbolique resvg déjà présent.
 [1;32m✓[0m bat déjà installé.
 [1;32m✓[0m Lien symbolique bat déjà présent.
 [1;32m✓[0m ripgrep déjà installé.
 [1;32m✓[0m Lien symbolique rg déjà présent.
 [1;32m✓[0m bottom déjà installé.
 [1;32m✓[0m Lien symbolique btm déjà présent.
 [1;32m✓[0m tealdeer déjà installé.
 [1;32m✓[0m Lien symbolique tldr déjà présent.
 [1;32m✓[0m parallel-disk-usage déjà installé.
 [1;32m✓[0m Lien symbolique pdu déjà présent.
 [1;32m✓[0m zsh-patina déjà installé.
 [1;32m✓[0m Lien symbolique zsh-patina déjà présent.
 [1;32m✓[0m diskus déjà installé.
 [1;32m✓[0m Lien symbolique diskus déjà présent.
 [1;32m✓[0m netscanner déjà installé.
 [1;32m✓[0m Lien symbolique netscanner déjà présent.
 [1;32m✓[0m sheldon déjà installé.
 [1;32m✓[0m Lien symbolique sheldon déjà présent.
 [1;32m✓[0m Permissions : accès global aux binaires Cargo

[1;36m[1m━━━ Clonage et mise à jour des dépôts Git personnels ━━━[0m
Déjà à jour.
 [1;32m✓[0m Mise à jour de fedupdate (pull --ff-only)
Déjà à jour.
 [1;32m✓[0m Mise à jour de backupsystem (pull --ff-only)
Déjà à jour.
 [1;32m✓[0m Mise à jour de scripts (pull --ff-only)
Déjà à jour.
 [1;32m✓[0m Mise à jour de dotfiles (pull --ff-only)
 [1;32m✓[0m Tous les dépôts Git sont à jour.

[1;36m[1m━━━ Shell par défaut → zsh ━━━[0m
 [1;32m✓[0m root utilise déjà zsh.
 [1;32m✓[0m olivier utilise déjà zsh.

[1;36m[1m━━━ Dotfiles (GNU Stow) ━━━[0m
 [1;32m✓[0m stow : atuin
 [1;32m✓[0m stow : bash
 [1;32m✓[0m stow : bat
 [1;32m✓[0m stow : bin
 [1;32m✓[0m stow : bottom
 [1;32m✓[0m stow : btop
 [1;32m✓[0m stow : drift
 [1;32m✓[0m stow : eza
 [1;32m✓[0m stow : fastfetch
 [1;32m✓[0m stow : fedupdate
 [1;32m✓[0m stow : foot
 [1;32m✓[0m stow : ghostty
 [1;32m✓[0m stow : git
 [1;32m✓[0m stow : kate
 [1;32m✓[0m stow : kitty
 [1;32m✓[0m stow : micro
 [1;32m✓[0m stow : ohmyposh
 [1;32m✓[0m stow : procs
 [1;32m✓[0m stow : psim
 [1;32m✓[0m stow : pyradio
 [1;32m✓[0m stow : sheldon
 [1;32m✓[0m stow : shellcheck
 [1;32m✓[0m stow : ssh
 [1;32m✓[0m stow : stormy
 [1;32m✓[0m stow : tealdeer
 [1;32m✓[0m stow : yazi
 [1;32m✓[0m stow : zed
 [1;32m✓[0m stow : zsh
 [1;32m✓[0m stow : zsh-patina

[1;36m[1m━━━ Configuration Système (Réseau, Swap, GRUB, Sysctl, Fstab, Brave, Chrony) ━━━[0m
 [1;32m✓[0m Déploiement configs DNS
 [1;32m✓[0m Redémarrage NetworkManager & systemd-resolved
 [1;32m✓[0m Swapfile existant et à la bonne taille (20GiB).
 [1;32m✓[0m Swap déjà actif en mémoire.
 [1;32m✓[0m Swap déjà présent dans /etc/fstab.
 [1;32m✓[0m Configuration GRUB déjà à jour.
 [1;32m✓[0m Déploiement config sysctl
vm.vfs_cache_pressure = 100
vm.watermark_boost_factor = 0
vm.watermark_scale_factor = 125
vm.page-cluster = 0
vm.dirty_background_ratio = 2
vm.dirty_ratio = 3
vm.dirty_bytes = 335544320
vm.dirty_background_bytes = 167772160
vm.dirty_writeback_centisecs = 1500
net.core.somaxconn = 8192
net.ipv4.tcp_congestion_control = bbr
net.core.default_qdisc = fq
net.core.netdev_max_backlog = 16384
net.ipv4.tcp_fastopen = 3
net.ipv4.tcp_slow_start_after_idle = 0
kernel.task_delayacct = 1
kernel.soft_watchdog = 0
kernel.watchdog = 0
kernel.dmesg_restrict = 0
vm.laptop_mode = 5
fs.suid_dumpable = 0
kernel.core_pattern = |/bin/false
dev.tty.ldisc_autoload = 0
fs.protected_hardlinks = 1
fs.protected_symlinks = 1
kernel.core_uses_pid = 1
kernel.ctrl-alt-del = 0
kernel.perf_event_paranoid = 4
kernel.randomize_va_space = 2
kernel.sysrq = 16
kernel.unprivileged_bpf_disabled = 1
kernel.yama.ptrace_scope = 3
net.core.bpf_jit_harden = 2
net.ipv4.conf.all.accept_redirects = 0
net.ipv4.conf.all.accept_source_route = 0
net.ipv4.conf.all.bootp_relay = 0
net.ipv4.conf.all.forwarding = 0
net.ipv4.conf.all.log_martians = 1
net.ipv4.conf.lo.log_martians = 1
net.ipv4.conf.default.forwarding = 0
net.ipv4.conf.all.proxy_arp = 0
net.ipv4.conf.all.rp_filter = 1
net.ipv4.conf.all.send_redirects = 0
net.ipv4.conf.default.send_redirects = 0
net.ipv4.conf.default.accept_redirects = 0
net.ipv4.conf.default.secure_redirects = 0
net.ipv4.conf.all.secure_redirects = 0
net.ipv4.conf.default.accept_source_route = 0
net.ipv4.tcp_max_syn_backlog = 4096
net.ipv4.conf.default.log_martians = 1
net.ipv4.icmp_echo_ignore_broadcasts = 1
net.ipv4.icmp_ignore_bogus_error_responses = 1
net.ipv4.ip_forward = 0
net.ipv4.tcp_syncookies = 1
net.ipv4.tcp_timestamps = 1
net.ipv4.conf.default.rp_filter = 1
vm.swappiness = 10
 [1;32m✓[0m Application des paramètres sysctl
 [1;32m✓[0m Les options noatime/lazytime sont déjà présentes dans /etc/fstab.
 [1;32m✓[0m Policies Brave déjà à jour.
 [1;32m✓[0m Configuration chronyd déjà à jour (-F 2 -4).
 [1;32m✓[0m L'utilisateur olivier est déjà dans le groupe libvirt.
 [1;32m✓[0m Configuration DNF déjà à jour.

[1;36m[1m━━━ Configuration sudo-rs et remplacement radical de sudo ━━━[0m
 [1;32m✓[0m sudo-rs est déjà installé.
sed: -e expression n°1, caractère 47: option inconnue pour « s »
 [1;32m✓[0m Configuration des includedir dans /etc/sudoers-rs
 [1;32m✓[0m Sauvegarde du binaire sudo d'origine
./post-install-fedora.sh: ligne 140: /usr/bin/sudo: Aucun fichier ou dossier de ce nom
 [1;31m✗[0m Symlink /usr/bin/sudo -> sudo-rs
 [1;31m✗[0m Échec — détails : /home/olivier/.local/log/post-install-fedora-20260402-222607.log
